e:\osg\raaosgassignment-template\raaassignment2\raaassignment2\x64\debug\vc142.pdb
e:\osg\raaosgassignment-template\raaassignment2\raaassignment2\x64\debug\vc142.idb
e:\osg\raaosgassignment-template\raaassignment2\raaassignment2\x64\debug\raatrafficsystem.obj
e:\osg\raaosgassignment-template\raaassignment2\raaassignment2\x64\debug\raaswitchactivator.obj
e:\osg\raaosgassignment-template\raaassignment2\raaassignment2\x64\debug\raaroadtilefacarde.obj
e:\osg\raaosgassignment-template\raaassignment2\raaassignment2\x64\debug\raanodecallbackfacarde.obj
e:\osg\raaosgassignment-template\raaassignment2\raaassignment2\x64\debug\raainputcontroller.obj
e:\osg\raaosgassignment-template\raaassignment2\raaassignment2\x64\debug\raafinder.obj
e:\osg\raaosgassignment-template\raaassignment2\raaassignment2\x64\debug\raafacarde.obj
e:\osg\raaosgassignment-template\raaassignment2\raaassignment2\x64\debug\raacollisiontarget.obj
e:\osg\raaosgassignment-template\raaassignment2\raaassignment2\x64\debug\raacarfacarde.obj
e:\osg\raaosgassignment-template\raaassignment2\raaassignment2\x64\debug\raaboundcalculator.obj
e:\osg\raaosgassignment-template\raaassignment2\raaassignment2\x64\debug\raaassignment2.obj
e:\osg\raaosgassignment-template\raaassignment2\raaassignment2\x64\debug\raaassetlibrary.obj
e:\osg\raaosgassignment-template\raaassignment2\raaassignment2\x64\debug\raaanimationpointfinder.obj
e:\osg\raaosgassignment-template\raaassignment2\raaassignment2\x64\debug\raaanimationpathcallback.obj
e:\osg\raaosgassignment-template\raaassignment2\raaassignment2\x64\debug\raaanimatedfacarde.obj
e:\osg\raaosgassignment-template\osg-3.6.5-vc2019-x64\bin\raaassignment2.exe
e:\osg\raaosgassignment-template\osg-3.6.5-vc2019-x64\bin\raaassignment2.ilk
e:\osg\raaosgassignment-template\osg-3.6.5-vc2019-x64\bin\raaassignment2.pdb
e:\osg\raaosgassignment-template\raaassignment2\raaassignment2\..\..\osg-3.6.5-vc2019-x64\bin\raaassignment2.exe
e:\osg\raaosgassignment-template\raaassignment2\raaassignment2\x64\debug\raaassignment2.tlog\cl.command.1.tlog
e:\osg\raaosgassignment-template\raaassignment2\raaassignment2\x64\debug\raaassignment2.tlog\cl.read.1.tlog
e:\osg\raaosgassignment-template\raaassignment2\raaassignment2\x64\debug\raaassignment2.tlog\cl.write.1.tlog
e:\osg\raaosgassignment-template\raaassignment2\raaassignment2\x64\debug\raaassignment2.tlog\link.command.1.tlog
e:\osg\raaosgassignment-template\raaassignment2\raaassignment2\x64\debug\raaassignment2.tlog\link.read.1.tlog
e:\osg\raaosgassignment-template\raaassignment2\raaassignment2\x64\debug\raaassignment2.tlog\link.write.1.tlog
